Building DAG of jobs...
Using shell: /usr/bin/bash
Provided cores: 4
Rules claiming more threads will be scaled down.
Job stats:
job                               count
------------------------------  -------
combine_chr_update_coordinates        1
total                                 1

Select jobs to execute...

[Wed Sep 17 00:04:50 2025]
rule combine_chr_update_coordinates:
    input: scripts/06_combine_chr_update_cordinates.sh
    output: output/06_combine_chr_update_cordinates.done
    jobid: 0
    reason: Missing output files: output/06_combine_chr_update_cordinates.done
    resources: tmpdir=/tmp

[Wed Sep 17 00:04:50 2025]
Finished job 0.
1 of 4 steps (25%) done
Complete log: .snakemake/log/2025-09-17T000449.750847.snakemake.log
