host: selva
Building DAG of jobs...
Using shell: /usr/bin/bash
Provided cores: 64
Rules claiming more threads will be scaled down.
Job stats:
job                count
---------------  -------
variant_calling        1
total                  1

Select jobs to execute...
Execute 1 jobs...

[Thu May 22 13:52:58 2025]
localrule variant_calling:
    input: /home/hamzaamhal/snakemake_pipline2/scripts/03_variant_calling.single.gvcf.sh
    output: /home/hamzaamhal/snakemake_pipline2/output/variant_calling_done.txt
    jobid: 0
    reason: Missing output files: /home/hamzaamhal/snakemake_pipline2/output/variant_calling_done.txt
    resources: tmpdir=/tmp

[Thu May 22 13:53:08 2025]
Error in rule variant_calling:
    jobid: 0
    input: /home/hamzaamhal/snakemake_pipline2/scripts/03_variant_calling.single.gvcf.sh
    output: /home/hamzaamhal/snakemake_pipline2/output/variant_calling_done.txt
    shell:
        
        nohup bash /home/hamzaamhal/snakemake_pipline2/scripts/03_variant_calling.single.gvcf.sh > /home/hamzaamhal/snakemake_pipline2/logfile/variant_calling_output.log 2>&1
        touch /home/hamzaamhal/snakemake_pipline2/output/variant_calling_done.txt
        
        (one of the commands exited with non-zero exit code; note that snakemake uses bash strict mode!)

Shutting down, this might take some time.
Exiting because a job execution failed. Look above for error message
Complete log: .snakemake/log/2025-05-22T135258.281608.snakemake.log
WorkflowError:
At least one job did not complete successfully.
