Building DAG of jobs...
Using shell: /usr/bin/bash
Provided cores: 4
Rules claiming more threads will be scaled down.
Job stats:
job          count
---------  -------
map_reads        1
total            1

Select jobs to execute...

[Sun Sep 14 21:11:13 2025]
rule map_reads:
    input: scripts/02_mapping.sh
    output: output/mapping_done.txt
    jobid: 2
    reason: Missing output files: output/mapping_done.txt
    resources: tmpdir=/tmp

[Sun Sep 14 21:20:14 2025]
Error in rule map_reads:
    jobid: 2
    input: scripts/02_mapping.sh
    output: output/mapping_done.txt
    shell:
        
        nohup bash scripts/02_mapping.sh > logfile/mapping_output.log 2>&1
        touch output/mapping_done.txt
        
        (one of the commands exited with non-zero exit code; note that snakemake uses bash strict mode!)

Shutting down, this might take some time.
Exiting because a job execution failed. Look above for error message
Complete log: .snakemake/log/2025-09-14T211112.361880.snakemake.log
