Building DAG of jobs...
Using shell: /usr/bin/bash
Provided cores: 4
Rules claiming more threads will be scaled down.
Job stats:
job             count
------------  -------
genotype_all        1
total               1

Select jobs to execute...

[Wed Sep 17 00:42:04 2025]
rule genotype_all:
    input: scripts/05_genotype_all.sh
    output: output/genotype_all_done.txt
    jobid: 0
    reason: Missing output files: output/genotype_all_done.txt
    resources: tmpdir=/tmp

[Wed Sep 17 00:42:35 2025]
Finished job 0.
1 of 7 steps (14%) done
Complete log: .snakemake/log/2025-09-17T004204.156910.snakemake.log
