Building DAG of jobs...
Using shell: /usr/bin/bash
Provided cores: 4
Rules claiming more threads will be scaled down.
Job stats:
job                               count
------------------------------  -------
combine_chr_update_coordinates        1
total                                 1

Select jobs to execute...

[Wed Sep 17 12:59:20 2025]
rule combine_chr_update_coordinates:
    input: scripts/06_combine_chr_update_cordinates.sh
    output: output/06_combine_chr_update_cordinates.done
    jobid: 6
    reason: Missing output files: output/06_combine_chr_update_cordinates.done
    resources: tmpdir=/tmp

[Wed Sep 17 12:59:20 2025]
Finished job 6.
1 of 7 steps (14%) done
Complete log: .snakemake/log/2025-09-17T125919.776526.snakemake.log
