Building DAG of jobs...
Using shell: /usr/bin/bash
Provided cores: 4
Rules claiming more threads will be scaled down.
Job stats:
job                count
---------------  -------
variant_calling        1
total                  1

Select jobs to execute...

[Tue Sep 16 18:25:23 2025]
rule variant_calling:
    input: scripts/03_variant_calling.single.gvcf.sh
    output: output/variant_calling_done.txt
    jobid: 0
    reason: Updated input files: scripts/03_variant_calling.single.gvcf.sh
    resources: tmpdir=/tmp

[Tue Sep 16 18:25:29 2025]
Finished job 0.
1 of 6 steps (17%) done
Complete log: .snakemake/log/2025-09-16T182523.182912.snakemake.log
