Building DAG of jobs...
Using shell: /usr/bin/bash
Provided cores: 1 (use --cores to define parallelism)
Rules claiming more threads will be scaled down.
Job stats:
job              count
-------------  -------
check_quality        1
total                1

Select jobs to execute...

[Thu Sep  4 16:57:54 2025]
rule check_quality:
    input: /home/hamza/Automatized-Varaint-calling-and-haplotype-calling-SBCC-/scripts/01_check_quality.sh
    output: /home/hamza/Automatized-Varaint-calling-and-haplotype-calling-SBCC-/config/output/quality_check_done.txt
    jobid: 0
    reason: Missing output files: /home/hamza/Automatized-Varaint-calling-and-haplotype-calling-SBCC-/config/output/quality_check_done.txt
    resources: tmpdir=/tmp

[Thu Sep  4 16:57:54 2025]
Error in rule check_quality:
    jobid: 0
    input: /home/hamza/Automatized-Varaint-calling-and-haplotype-calling-SBCC-/scripts/01_check_quality.sh
    output: /home/hamza/Automatized-Varaint-calling-and-haplotype-calling-SBCC-/config/output/quality_check_done.txt
    shell:
        
        nohup bash /home/hamza/Automatized-Varaint-calling-and-haplotype-calling-SBCC-/scripts/01_check_quality.sh > /home/hamza/Automatized-Varaint-calling-and-haplotype-calling-SBCC-/config/logfile/quality_check.log 2>&1
        touch /home/hamza/Automatized-Varaint-calling-and-haplotype-calling-SBCC-/config/output/quality_check_done.txt
        
        (one of the commands exited with non-zero exit code; note that snakemake uses bash strict mode!)

Shutting down, this might take some time.
Exiting because a job execution failed. Look above for error message
Complete log: .snakemake/log/2025-09-04T165753.859544.snakemake.log
