Building DAG of jobs...
Using shell: /usr/bin/bash
Provided cores: 4
Rules claiming more threads will be scaled down.
Job stats:
job                count
---------------  -------
mark_duplicates        1
total                  1

Select jobs to execute...

[Sun Sep 14 23:11:06 2025]
rule mark_duplicates:
    input: scripts/02_mark_duplicates_sktest.sh
    output: output/mark_duplicates_done.txt
    jobid: 3
    reason: Missing output files: output/mark_duplicates_done.txt
    resources: tmpdir=/tmp

[Sun Sep 14 23:11:06 2025]
Error in rule mark_duplicates:
    jobid: 3
    input: scripts/02_mark_duplicates_sktest.sh
    output: output/mark_duplicates_done.txt
    shell:
        
        nohup bash scripts/02_mark_duplicates_sktest.sh > logfile/mark_duplicates_output.log 2>&1
        touch output/mark_duplicates_done.txt
        
        (one of the commands exited with non-zero exit code; note that snakemake uses bash strict mode!)

Shutting down, this might take some time.
Exiting because a job execution failed. Look above for error message
Complete log: .snakemake/log/2025-09-14T231105.903242.snakemake.log
