Building DAG of jobs...
Using shell: /usr/bin/bash
Provided cores: 4
Rules claiming more threads will be scaled down.
Job stats:
job             count
------------  -------
genotype_all        1
total               1

Select jobs to execute...

[Tue Sep 16 23:05:25 2025]
rule genotype_all:
    input: scripts/05_genotype_all.sh
    output: output/genotype_all_done.txt
    jobid: 0
    reason: Missing output files: output/genotype_all_done.txt
    resources: tmpdir=/tmp

[Tue Sep 16 23:06:42 2025]
Finished job 0.
1 of 5 steps (20%) done
Complete log: .snakemake/log/2025-09-16T230524.698499.snakemake.log
