Building DAG of jobs...
Using shell: /usr/bin/bash
Provided cores: 4
Rules claiming more threads will be scaled down.
Job stats:
job                               count
------------------------------  -------
combine_chr_update_coordinates        1
total                                 1

Select jobs to execute...

[Wed Sep 17 16:39:57 2025]
rule combine_chr_update_coordinates:
    input: scripts/06_combine_chr_update_cordinates.sh
    output: output/06_combine_chr_update_cordinates.done
    jobid: 0
    reason: Missing output files: output/06_combine_chr_update_cordinates.done
    resources: tmpdir=/tmp

[Wed Sep 17 16:39:59 2025]
Error in rule combine_chr_update_coordinates:
    jobid: 0
    input: scripts/06_combine_chr_update_cordinates.sh
    output: output/06_combine_chr_update_cordinates.done
    shell:
        
        bash scripts/06_combine_chr_update_cordinates.sh > logfile/06_combine_chr_update_cordinates.log 2>&1
        touch output/06_combine_chr_update_cordinates.done
        
        (one of the commands exited with non-zero exit code; note that snakemake uses bash strict mode!)

Shutting down, this might take some time.
Exiting because a job execution failed. Look above for error message
Complete log: .snakemake/log/2025-09-17T163957.017882.snakemake.log
