host: selva
Building DAG of jobs...
Using shell: /usr/bin/bash
Provided cores: 64
Rules claiming more threads will be scaled down.
Job stats:
job             count
------------  -------
genotype_all        1
total               1

Select jobs to execute...
Execute 1 jobs...

[Mon Jun  2 12:56:57 2025]
localrule genotype_all:
    input: /home/hamzaamhal/snakemake_pipline2/scripts/05_genotype_all.sh
    output: /home/hamzaamhal/snakemake_pipline2/output/genotype_all_done.txt
    jobid: 0
    reason: Missing output files: /home/hamzaamhal/snakemake_pipline2/output/genotype_all_done.txt
    resources: tmpdir=/tmp

[Mon Jun  2 12:57:08 2025]
Error in rule genotype_all:
    jobid: 0
    input: /home/hamzaamhal/snakemake_pipline2/scripts/05_genotype_all.sh
    output: /home/hamzaamhal/snakemake_pipline2/output/genotype_all_done.txt
    shell:
        
        nohup bash /home/hamzaamhal/snakemake_pipline2/scripts/05_genotype_all.sh > /home/hamzaamhal/snakemake_pipline2/logfile/genotype_all.log 2>&1
        touch /home/hamzaamhal/snakemake_pipline2/output/genotype_all_done.txt
        
        (one of the commands exited with non-zero exit code; note that snakemake uses bash strict mode!)

Shutting down, this might take some time.
Exiting because a job execution failed. Look above for error message
Complete log: .snakemake/log/2025-06-02T125657.086338.snakemake.log
WorkflowError:
At least one job did not complete successfully.
