host: selva
Building DAG of jobs...
Using shell: /usr/bin/bash
Provided cores: 64
Rules claiming more threads will be scaled down.
Job stats:
job             count
------------  -------
genotype_all        1
total               1

Select jobs to execute...
Execute 1 jobs...

[Mon Jun  2 13:02:29 2025]
localrule genotype_all:
    input: /home/hamzaamhal/snakemake_pipline2/scripts/05_genotype_all.sh
    output: /home/hamzaamhal/snakemake_pipline2/output/genotype_all_done.txt
    jobid: 0
    reason: Missing output files: /home/hamzaamhal/snakemake_pipline2/output/genotype_all_done.txt
    resources: tmpdir=/tmp

[Mon Jun  2 13:04:16 2025]
Finished job 0.
1 of 1 steps (100%) done
Complete log: .snakemake/log/2025-06-02T130229.385012.snakemake.log
