Building DAG of jobs...
Using shell: /usr/bin/bash
Provided cores: 4
Rules claiming more threads will be scaled down.
Job stats:
job                               count
------------------------------  -------
all                                   1
combine_chr_update_coordinates        1
genotype_all                          1
map_reads                             1
mark_duplicates                       1
variant_calling                       1
total                                 6

Select jobs to execute...

[Sun Sep 14 20:01:50 2025]
rule mark_duplicates:
    input: scripts/02_mark_duplicates_sktest.sh
    output: output/mark_duplicates_done.txt
    jobid: 3
    reason: Missing output files: output/mark_duplicates_done.txt
    resources: tmpdir=/tmp


[Sun Sep 14 20:01:50 2025]
rule variant_calling:
    input: scripts/03_variant_calling.single.gvcf.sh
    output: output/variant_calling_done.txt
    jobid: 4
    reason: Missing output files: output/variant_calling_done.txt
    resources: tmpdir=/tmp


[Sun Sep 14 20:01:50 2025]
rule genotype_all:
    input: scripts/05_genotype_all.sh
    output: output/genotype_all_done.txt
    jobid: 5
    reason: Missing output files: output/genotype_all_done.txt
    resources: tmpdir=/tmp


[Sun Sep 14 20:01:50 2025]
rule map_reads:
    input: scripts/02_mapping.sh
    output: output/mapping_done.txt
    jobid: 0
    reason: Forced execution
    resources: tmpdir=/tmp

[Sun Sep 14 20:01:50 2025]
Error in rule mark_duplicates:
    jobid: 3
    input: scripts/02_mark_duplicates_sktest.sh
    output: output/mark_duplicates_done.txt
    shell:
        
        nohup bash scripts/02_mark_duplicates_sktest.sh > logfile/mark_duplicates_output.log 2>&1
        touch output/mark_duplicates_done.txt
        
        (one of the commands exited with non-zero exit code; note that snakemake uses bash strict mode!)

[Sun Sep 14 20:01:50 2025]
Error in rule variant_calling:
    jobid: 4
    input: scripts/03_variant_calling.single.gvcf.sh
    output: output/variant_calling_done.txt
    shell:
        
        nohup bash scripts/03_variant_calling.single.gvcf.sh > logfile/variant_calling_output.log 2>&1
        touch output/variant_calling_done.txt
        
        (one of the commands exited with non-zero exit code; note that snakemake uses bash strict mode!)

[Sun Sep 14 20:01:50 2025]
Finished job 0.
1 of 6 steps (17%) done
[Sun Sep 14 20:01:50 2025]
Error in rule genotype_all:
    jobid: 5
    input: scripts/05_genotype_all.sh
    output: output/genotype_all_done.txt
    shell:
        
        nohup bash scripts/05_genotype_all.sh > logfile/genotype_all.log 2>&1
        touch output/genotype_all_done.txt
        
        (one of the commands exited with non-zero exit code; note that snakemake uses bash strict mode!)

Shutting down, this might take some time.
Exiting because a job execution failed. Look above for error message
Complete log: .snakemake/log/2025-09-14T200149.477294.snakemake.log
