host: selva
Building DAG of jobs...
Using shell: /usr/bin/bash
Provided cores: 64
Rules claiming more threads will be scaled down.
Job stats:
job             count
------------  -------
genotype_all        1
total               1

Select jobs to execute...
Execute 1 jobs...

[Mon May 19 10:11:08 2025]
localrule genotype_all:
    input: /home/hamzaamhal/snakemake_pipline/scripts/05_genotype_all.sh
    output: /data/hamza/gvcf_files/genotype_all_done.txt
    jobid: 0
    reason: Missing output files: /data/hamza/gvcf_files/genotype_all_done.txt
    resources: tmpdir=/tmp

[Mon May 19 10:12:14 2025]
Error in rule genotype_all:
    jobid: 0
    input: /home/hamzaamhal/snakemake_pipline/scripts/05_genotype_all.sh
    output: /data/hamza/gvcf_files/genotype_all_done.txt
    shell:
        
        bash /home/hamzaamhal/snakemake_pipline/scripts/05_genotype_all.sh > /data/hamza/gvcf_files/genotype_all.log 2>&1
        touch /data/hamza/gvcf_files/genotype_all_done.txt
        
        (one of the commands exited with non-zero exit code; note that snakemake uses bash strict mode!)

Shutting down, this might take some time.
Exiting because a job execution failed. Look above for error message
Complete log: .snakemake/log/2025-05-19T101108.843567.snakemake.log
WorkflowError:
At least one job did not complete successfully.
