Building DAG of jobs...
Using shell: /usr/bin/bash
Provided cores: 1 (use --cores to define parallelism)
Rules claiming more threads will be scaled down.
Job stats:
job              count
-------------  -------
check_quality        1
total                1

Select jobs to execute...

[Thu Sep  4 16:59:01 2025]
rule check_quality:
    input: /home/hamza/Automatized-Varaint-calling-and-haplotype-calling-SBCC-/scripts/01_check_quality.sh
    output: /home/hamza/Automatized-Varaint-calling-and-haplotype-calling-SBCC-/config/output/quality_check_done.txt
    jobid: 0
    reason: Missing output files: /home/hamza/Automatized-Varaint-calling-and-haplotype-calling-SBCC-/config/output/quality_check_done.txt
    resources: tmpdir=/tmp

[Thu Sep  4 16:59:02 2025]
Finished job 0.
1 of 1 steps (100%) done
Complete log: .snakemake/log/2025-09-04T165901.614281.snakemake.log
