host: selva
Building DAG of jobs...
Using shell: /usr/bin/bash
Provided cores: 64
Rules claiming more threads will be scaled down.
Job stats:
job              count
-------------  -------
check_quality        1
total                1

Select jobs to execute...
Execute 1 jobs...

[Tue May 20 10:36:07 2025]
localrule check_quality:
    input: /home/hamzaamhal/snakemake_pipline2/scripts/01_check_quality.sh
    output: /home/hamzaamhal/snakemake_pipline2/output/quality_check_done.txt
    jobid: 0
    reason: Missing output files: /home/hamzaamhal/snakemake_pipline2/output/quality_check_done.txt
    resources: tmpdir=/tmp

[Tue May 20 11:06:20 2025]
Finished job 0.
1 of 1 steps (100%) done
Complete log: .snakemake/log/2025-05-20T103607.364321.snakemake.log
