Building DAG of jobs...
Using shell: /usr/bin/bash
Provided cores: 4
Rules claiming more threads will be scaled down.
Job stats:
job                count
---------------  -------
variant_calling        1
total                  1

Select jobs to execute...

[Mon Sep 15 16:36:24 2025]
rule variant_calling:
    input: scripts/03_variant_calling.single.gvcf.sh
    output: output/variant_calling_done.txt
    jobid: 4
    reason: Missing output files: output/variant_calling_done.txt
    resources: tmpdir=/tmp

[Mon Sep 15 16:36:25 2025]
Error in rule variant_calling:
    jobid: 4
    input: scripts/03_variant_calling.single.gvcf.sh
    output: output/variant_calling_done.txt
    shell:
        
        nohup bash scripts/03_variant_calling.single.gvcf.sh > logfile/variant_calling_output.log 2>&1
        touch output/variant_calling_done.txt
        
        (one of the commands exited with non-zero exit code; note that snakemake uses bash strict mode!)

Shutting down, this might take some time.
Exiting because a job execution failed. Look above for error message
Complete log: .snakemake/log/2025-09-15T163624.543187.snakemake.log
